<?xml version="1.0" encoding="UTF-8"?>
<!-- Generated by org.testng.reporters.JUnitReportReporter -->
<testsuite hostname="MUKUL4464" name="Mobile.Appium.WeatherTest" tests="1" failures="0" timestamp="24 Feb 2018 17:02:01 GMT" time="4.174" errors="0">
  <testcase name="checkWeathertemperature" time="4.174" classname="Mobile.Appium.WeatherTest"/>
</testsuite> <!-- Mobile.Appium.WeatherTest -->
