<?xml version="1.0" encoding="UTF-8"?>
<!-- Generated by org.testng.reporters.JUnitReportReporter -->
<testsuite hostname="MUKUL4464" name="Mobile.Appium.AppTest" tests="1" failures="0" timestamp="23 Feb 2018 05:59:35 GMT" time="21.864" errors="0">
  <testcase name="Login_With_Wrong_Password" time="21.864" classname="Mobile.Appium.AppTest"/>
</testsuite> <!-- Mobile.Appium.AppTest -->
