<?xml version="1.0" encoding="UTF-8"?>
<!-- Generated by org.testng.reporters.JUnitReportReporter -->
<testsuite hostname="MUKUL4464" name="Mobile.Appium.SimpleTest" tests="2" failures="0" timestamp="25 Feb 2018 01:09:29 GMT" time="0.013" errors="0">
  <testcase name="Test1" time="0.009" classname="Mobile.Appium.SimpleTest"/>
  <testcase name="TestingReports" time="0.004" classname="Mobile.Appium.SimpleTest"/>
</testsuite> <!-- Mobile.Appium.SimpleTest -->
